0 silly input [ 'yarn', 'build' ]
1 silly flags { _: [ 'exec' ],
1 silly flags   'reject-cycles': false,
1 silly flags   rejectCycles: false,
1 silly flags   parallel: true,
1 silly flags   command: 'yarn',
1 silly flags   args: [ 'build' ] }
2 verbose rootPath /Users/phil/work/katjak
3 info version 2.8.0
4 silly existsSync /Users/phil/work/katjak/VERSION
5 silly initialize attempt
6 silly initialize success
7 silly execute attempt
8 info exec in 2 package(s): yarn build
9 error execute callback with error
10 error Error: Command failed: yarn build
10 error SyntaxError: src/App.js: Unexpected token, expected , (13:6)
10 error   11 |   return (
10 error   12 |     <div
10 error > 13 |       className="container"
10 error      |       ^
10 error   14 |       style={{
10 error   15 |         fontFamily: 'Source Sans Pro',
10 error   16 |       }}
10 error error Command failed with exit code 1.
10 error
10 error $ babel src --outdir lib
10 error info Visit https://yarnpkg.com/en/docs/cli/run for documentation about this command.
10 error
10 error     at Promise.all.then.arr (/Users/phil/work/katjak/node_modules/execa/index.js:236:11)
10 error     at <anonymous>
